<?xml version="1.0" encoding="UTF-8"?>
<testng-results skipped="0" failed="0" ignored="0" total="1" passed="1">
  <reporter-output>
  </reporter-output>
  <suite name="Default suite" duration-ms="70" started-at="2022-11-07T04:20:12Z" finished-at="2022-11-07T04:20:13Z">
    <groups>
    </groups>
    <test name="Default test" duration-ms="70" started-at="2022-11-07T04:20:12Z" finished-at="2022-11-07T04:20:13Z">
      <class name="org.test.git">
        <test-method status="PASS" signature="test1()[pri:0, instance:org.test.git@1794d431]" name="test1" duration-ms="20" started-at="2022-11-07T04:20:13Z" finished-at="2022-11-07T04:20:13Z">
          <reporter-output>
          </reporter-output>
        </test-method> <!-- test1 -->
      </class> <!-- org.test.git -->
    </test> <!-- Default test -->
  </suite> <!-- Default suite -->
</testng-results>
